<?xml version="1.0" encoding="UTF-8"?>
<!-- Generated by org.testng.reporters.JUnitReportReporter -->
<testsuite hostname="LAPTOP-QQFR7U9L" name="test.Aretrip.SignInTest" tests="1" failures="0" timestamp="28 May 2020 14:06:30 GMT" time="2.554" errors="0">
  <testcase name="LoginIn" time="2.554" classname="test.Aretrip.SignInTest"/>
</testsuite> <!-- test.Aretrip.SignInTest -->
